<?xml version="1.0" encoding="UTF-8"?>
<testng-results ignored="0" total="1" passed="1" failed="0" skipped="0">
  <reporter-output>
  </reporter-output>
  <suite started-at="2023-04-26T23:37:01 IST" name="Suite" finished-at="2023-04-26T23:37:20 IST" duration-ms="18679">
    <groups>
    </groups>
    <test started-at="2023-04-26T23:37:01 IST" name="Test" finished-at="2023-04-26T23:37:20 IST" duration-ms="18679">
      <class name="Testscript.Login_script">
        <test-method is-config="true" signature="open_app()[pri:0, instance:Testscript.Login_script@693fe6c9]" started-at="2023-04-26T23:37:01 IST" name="open_app" finished-at="2023-04-26T23:37:11 IST" duration-ms="10217" status="PASS">
          <reporter-output>
          </reporter-output>
        </test-method> <!-- open_app -->
        <test-method signature="test1()[pri:0, instance:Testscript.Login_script@693fe6c9]" started-at="2023-04-26T23:37:11 IST" name="test1" finished-at="2023-04-26T23:37:18 IST" duration-ms="6190" status="PASS">
          <reporter-output>
          </reporter-output>
        </test-method> <!-- test1 -->
        <test-method is-config="true" signature="close()[pri:0, instance:Testscript.Login_script@693fe6c9]" started-at="2023-04-26T23:37:18 IST" name="close" finished-at="2023-04-26T23:37:20 IST" duration-ms="2225" status="PASS">
          <reporter-output>
          </reporter-output>
        </test-method> <!-- close -->
      </class> <!-- Testscript.Login_script -->
    </test> <!-- Test -->
  </suite> <!-- Suite -->
</testng-results>
